2022-05-05 23:48:28,282 - INFO - [Server] Successfully init! feat shape: (2225, 1000)
2022-05-05 23:48:28,283 - INFO - [Server] Waiting for connecting to client...
2022-05-05 23:48:46,676 - INFO - [Server] Connected to address ('127.0.0.1', 50090), socket id: <socket.socket fd=392, family=AddressFamily.AF_INET, type=SocketKind.SOCK_STREAM, proto=0, laddr=('127.0.0.1', 1234), raddr=('127.0.0.1', 50090)>
2022-05-05 23:48:46,677 - INFO - [Server] received terms: homework, sim_mode: 0
2022-05-05 23:48:46,678 - INFO - [Server] Func searching_text receive terms: ['homework']
2022-05-05 23:48:46,679 - INFO - [Server] Waiting for connecting to client...
2022-05-05 23:48:46,921 - INFO - [Server] documents: []
2022-05-05 23:49:06,079 - INFO - [Server] Connected to address ('127.0.0.1', 50093), socket id: <socket.socket fd=2504, family=AddressFamily.AF_INET, type=SocketKind.SOCK_STREAM, proto=0, laddr=('127.0.0.1', 1234), raddr=('127.0.0.1', 50093)>
2022-05-05 23:49:06,080 - INFO - [Server] received terms: people, sim_mode: 0
2022-05-05 23:49:06,081 - INFO - [Server] Func searching_text receive terms: ['people']
2022-05-05 23:49:06,082 - INFO - [Server] Waiting for connecting to client...
2022-05-05 23:49:07,090 - INFO - [Server] documents: [1133, 2057, 1993, 983, 1002, 1913, 2134, 1089, 1049, 1867, 2150, 1576, 918, 1518, 1113, 1217, 1454, 1569, 1447, 1929, 1225, 1108, 1967, 1230, 1648, 1721, 948, 1042, 1816, 1572, 1773, 1309, 1237, 1119, 1803, 1802, 909, 1755, 1815, 1767, 817, 1522, 1534, 1968, 1551, 1594, 1043, 1470, 1463, 543, 1226, 900, 581, 893, 1353, 1919, 2135, 1535, 1432, 1678, 1485, 1505, 1618, 1599, 1180, 1817, 1403, 1116, 1661, 2091, 1806, 2085, 1266, 1370, 1536, 1168, 1347, 1515, 1082, 1939, 138, 1787, 1468, 1446, 1746, 1622, 1837, 1738, 1978, 1351, 1458, 1775, 1597, 1603, 1457, 1768, 456, 1304, 2090, 1631, 825, 1614, 2069, 2042, 152, 879, 1587, 1556, 1783, 1782, 1639, 1549, 1641, 1642, 1605, 702, 1703, 571, 1801]
2022-05-05 23:49:07,096 - INFO - [Server] Client download file ./server_files/news/1133.txt successfully!
2022-05-05 23:49:07,097 - INFO - [Server] Client download file ./server_files/news/2057.txt successfully!
2022-05-05 23:49:07,099 - INFO - [Server] Client download file ./server_files/news/1993.txt successfully!
2022-05-05 23:49:07,101 - INFO - [Server] Client download file ./server_files/news/983.txt successfully!
2022-05-05 23:49:07,103 - INFO - [Server] Client download file ./server_files/news/1002.txt successfully!
2022-05-05 23:49:07,106 - INFO - [Server] Client download file ./server_files/news/1913.txt successfully!
2022-05-05 23:49:07,107 - INFO - [Server] Client download file ./server_files/news/2134.txt successfully!
2022-05-05 23:49:07,109 - INFO - [Server] Client download file ./server_files/news/1089.txt successfully!
2022-05-05 23:49:07,111 - INFO - [Server] Client download file ./server_files/news/1049.txt successfully!
2022-05-05 23:49:07,113 - INFO - [Server] Client download file ./server_files/news/1867.txt successfully!
2022-05-05 23:49:07,115 - INFO - [Server] Client download file ./server_files/news/2150.txt successfully!
2022-05-05 23:49:07,118 - INFO - [Server] Client download file ./server_files/news/1576.txt successfully!
2022-05-05 23:49:07,120 - INFO - [Server] Client download file ./server_files/news/918.txt successfully!
2022-05-05 23:49:07,122 - INFO - [Server] Client download file ./server_files/news/1518.txt successfully!
2022-05-05 23:49:07,123 - INFO - [Server] Client download file ./server_files/news/1113.txt successfully!
2022-05-05 23:49:07,125 - INFO - [Server] Client download file ./server_files/news/1217.txt successfully!
2022-05-05 23:49:07,127 - INFO - [Server] Client download file ./server_files/news/1454.txt successfully!
2022-05-05 23:49:07,128 - INFO - [Server] Client download file ./server_files/news/1569.txt successfully!
2022-05-05 23:49:07,130 - INFO - [Server] Client download file ./server_files/news/1447.txt successfully!
2022-05-05 23:49:07,132 - INFO - [Server] Client download file ./server_files/news/1929.txt successfully!
2022-05-05 23:49:07,134 - INFO - [Server] Client download file ./server_files/news/1225.txt successfully!
2022-05-05 23:49:07,137 - INFO - [Server] Client download file ./server_files/news/1108.txt successfully!
2022-05-05 23:49:07,140 - INFO - [Server] Client download file ./server_files/news/1967.txt successfully!
2022-05-05 23:49:07,142 - INFO - [Server] Client download file ./server_files/news/1230.txt successfully!
2022-05-05 23:49:07,144 - INFO - [Server] Client download file ./server_files/news/1648.txt successfully!
2022-05-05 23:49:07,146 - INFO - [Server] Client download file ./server_files/news/1721.txt successfully!
2022-05-05 23:49:07,148 - INFO - [Server] Client download file ./server_files/news/948.txt successfully!
2022-05-05 23:49:07,152 - INFO - [Server] Client download file ./server_files/news/1042.txt successfully!
2022-05-05 23:49:07,155 - INFO - [Server] Client download file ./server_files/news/1816.txt successfully!
2022-05-05 23:49:07,157 - INFO - [Server] Client download file ./server_files/news/1572.txt successfully!
2022-05-05 23:49:07,159 - INFO - [Server] Client download file ./server_files/news/1773.txt successfully!
2022-05-05 23:49:07,161 - INFO - [Server] Client download file ./server_files/news/1309.txt successfully!
2022-05-05 23:49:07,163 - INFO - [Server] Client download file ./server_files/news/1237.txt successfully!
2022-05-05 23:49:07,165 - INFO - [Server] Client download file ./server_files/news/1119.txt successfully!
2022-05-05 23:49:07,168 - INFO - [Server] Client download file ./server_files/news/1803.txt successfully!
2022-05-05 23:49:07,171 - INFO - [Server] Client download file ./server_files/news/1802.txt successfully!
2022-05-05 23:49:07,173 - INFO - [Server] Client download file ./server_files/news/909.txt successfully!
2022-05-05 23:49:07,175 - INFO - [Server] Client download file ./server_files/news/1755.txt successfully!
2022-05-05 23:49:07,177 - INFO - [Server] Client download file ./server_files/news/1815.txt successfully!
2022-05-05 23:49:07,179 - INFO - [Server] Client download file ./server_files/news/1767.txt successfully!
2022-05-05 23:49:07,180 - INFO - [Server] Client download file ./server_files/news/817.txt successfully!
2022-05-05 23:49:07,183 - INFO - [Server] Client download file ./server_files/news/1522.txt successfully!
2022-05-05 23:49:07,187 - INFO - [Server] Client download file ./server_files/news/1534.txt successfully!
2022-05-05 23:49:07,189 - INFO - [Server] Client download file ./server_files/news/1968.txt successfully!
2022-05-05 23:49:07,191 - INFO - [Server] Client download file ./server_files/news/1551.txt successfully!
2022-05-05 23:49:07,193 - INFO - [Server] Client download file ./server_files/news/1594.txt successfully!
2022-05-05 23:49:07,195 - INFO - [Server] Client download file ./server_files/news/1043.txt successfully!
2022-05-05 23:49:07,197 - INFO - [Server] Client download file ./server_files/news/1470.txt successfully!
2022-05-05 23:49:07,200 - INFO - [Server] Client download file ./server_files/news/1463.txt successfully!
2022-05-05 23:49:07,204 - INFO - [Server] Client download file ./server_files/news/543.txt successfully!
2022-05-05 23:49:07,205 - INFO - [Server] Client download file ./server_files/news/1226.txt successfully!
2022-05-05 23:49:07,207 - INFO - [Server] Client download file ./server_files/news/900.txt successfully!
2022-05-05 23:49:07,209 - INFO - [Server] Client download file ./server_files/news/581.txt successfully!
2022-05-05 23:49:07,211 - INFO - [Server] Client download file ./server_files/news/893.txt successfully!
2022-05-05 23:49:07,213 - INFO - [Server] Client download file ./server_files/news/1353.txt successfully!
2022-05-05 23:49:07,214 - INFO - [Server] Client download file ./server_files/news/1919.txt successfully!
2022-05-05 23:49:07,217 - INFO - [Server] Client download file ./server_files/news/2135.txt successfully!
2022-05-05 23:49:07,220 - INFO - [Server] Client download file ./server_files/news/1535.txt successfully!
2022-05-05 23:49:07,223 - INFO - [Server] Client download file ./server_files/news/1432.txt successfully!
2022-05-05 23:49:07,225 - INFO - [Server] Client download file ./server_files/news/1678.txt successfully!
2022-05-05 23:49:07,227 - INFO - [Server] Client download file ./server_files/news/1485.txt successfully!
2022-05-05 23:49:07,228 - INFO - [Server] Client download file ./server_files/news/1505.txt successfully!
2022-05-05 23:49:07,230 - INFO - [Server] Client download file ./server_files/news/1618.txt successfully!
2022-05-05 23:49:07,233 - INFO - [Server] Client download file ./server_files/news/1599.txt successfully!
2022-05-05 23:49:07,236 - INFO - [Server] Client download file ./server_files/news/1180.txt successfully!
2022-05-05 23:49:07,239 - INFO - [Server] Client download file ./server_files/news/1817.txt successfully!
2022-05-05 23:49:07,241 - INFO - [Server] Client download file ./server_files/news/1403.txt successfully!
2022-05-05 23:49:07,243 - INFO - [Server] Client download file ./server_files/news/1116.txt successfully!
2022-05-05 23:49:07,245 - INFO - [Server] Client download file ./server_files/news/1661.txt successfully!
2022-05-05 23:49:07,247 - INFO - [Server] Client download file ./server_files/news/2091.txt successfully!
2022-05-05 23:49:07,250 - INFO - [Server] Client download file ./server_files/news/1806.txt successfully!
2022-05-05 23:49:07,252 - INFO - [Server] Client download file ./server_files/news/2085.txt successfully!
2022-05-05 23:49:07,254 - INFO - [Server] Client download file ./server_files/news/1266.txt successfully!
2022-05-05 23:49:07,257 - INFO - [Server] Client download file ./server_files/news/1370.txt successfully!
2022-05-05 23:49:07,260 - INFO - [Server] Client download file ./server_files/news/1536.txt successfully!
2022-05-05 23:49:07,261 - INFO - [Server] Client download file ./server_files/news/1168.txt successfully!
2022-05-05 23:49:07,263 - INFO - [Server] Client download file ./server_files/news/1347.txt successfully!
2022-05-05 23:49:07,266 - INFO - [Server] Client download file ./server_files/news/1515.txt successfully!
2022-05-05 23:49:07,268 - INFO - [Server] Client download file ./server_files/news/1082.txt successfully!
2022-05-05 23:49:07,270 - INFO - [Server] Client download file ./server_files/news/1939.txt successfully!
2022-05-05 23:49:07,271 - INFO - [Server] Client download file ./server_files/news/138.txt successfully!
2022-05-05 23:49:07,273 - INFO - [Server] Client download file ./server_files/news/1787.txt successfully!
2022-05-05 23:49:07,275 - INFO - [Server] Client download file ./server_files/news/1468.txt successfully!
2022-05-05 23:49:07,277 - INFO - [Server] Client download file ./server_files/news/1446.txt successfully!
2022-05-05 23:49:07,280 - INFO - [Server] Client download file ./server_files/news/1746.txt successfully!
2022-05-05 23:49:07,282 - INFO - [Server] Client download file ./server_files/news/1622.txt successfully!
2022-05-05 23:49:07,285 - INFO - [Server] Client download file ./server_files/news/1837.txt successfully!
2022-05-05 23:49:07,288 - INFO - [Server] Client download file ./server_files/news/1738.txt successfully!
2022-05-05 23:49:07,291 - INFO - [Server] Client download file ./server_files/news/1978.txt successfully!
2022-05-05 23:49:07,292 - INFO - [Server] Client download file ./server_files/news/1351.txt successfully!
2022-05-05 23:49:07,294 - INFO - [Server] Client download file ./server_files/news/1458.txt successfully!
2022-05-05 23:49:07,296 - INFO - [Server] Client download file ./server_files/news/1775.txt successfully!
2022-05-05 23:49:07,298 - INFO - [Server] Client download file ./server_files/news/1597.txt successfully!
2022-05-05 23:49:07,301 - INFO - [Server] Client download file ./server_files/news/1603.txt successfully!
2022-05-05 23:49:07,303 - INFO - [Server] Client download file ./server_files/news/1457.txt successfully!
2022-05-05 23:49:07,305 - INFO - [Server] Client download file ./server_files/news/1768.txt successfully!
2022-05-05 23:49:07,307 - INFO - [Server] Client download file ./server_files/news/456.txt successfully!
2022-05-05 23:49:07,309 - INFO - [Server] Client download file ./server_files/news/1304.txt successfully!
2022-05-05 23:49:07,312 - INFO - [Server] Client download file ./server_files/news/2090.txt successfully!
2022-05-05 23:49:07,314 - INFO - [Server] Client download file ./server_files/news/1631.txt successfully!
2022-05-05 23:49:07,316 - INFO - [Server] Client download file ./server_files/news/825.txt successfully!
2022-05-05 23:49:07,319 - INFO - [Server] Client download file ./server_files/news/1614.txt successfully!
2022-05-05 23:49:07,320 - INFO - [Server] Client download file ./server_files/news/2069.txt successfully!
2022-05-05 23:49:07,322 - INFO - [Server] Client download file ./server_files/news/2042.txt successfully!
2022-05-05 23:49:07,323 - INFO - [Server] Client download file ./server_files/news/152.txt successfully!
2022-05-05 23:49:07,325 - INFO - [Server] Client download file ./server_files/news/879.txt successfully!
2022-05-05 23:49:07,329 - INFO - [Server] Client download file ./server_files/news/1587.txt successfully!
2022-05-05 23:49:07,331 - INFO - [Server] Client download file ./server_files/news/1556.txt successfully!
2022-05-05 23:49:07,334 - INFO - [Server] Client download file ./server_files/news/1783.txt successfully!
2022-05-05 23:49:07,335 - INFO - [Server] Client download file ./server_files/news/1782.txt successfully!
2022-05-05 23:49:07,337 - INFO - [Server] Client download file ./server_files/news/1639.txt successfully!
2022-05-05 23:49:07,339 - INFO - [Server] Client download file ./server_files/news/1549.txt successfully!
2022-05-05 23:49:07,340 - INFO - [Server] Client download file ./server_files/news/1641.txt successfully!
2022-05-05 23:49:07,342 - INFO - [Server] Client download file ./server_files/news/1642.txt successfully!
2022-05-05 23:49:07,345 - INFO - [Server] Client download file ./server_files/news/1605.txt successfully!
2022-05-05 23:49:07,347 - INFO - [Server] Client download file ./server_files/news/702.txt successfully!
2022-05-05 23:49:07,349 - INFO - [Server] Client download file ./server_files/news/1703.txt successfully!
2022-05-05 23:49:07,352 - INFO - [Server] Client download file ./server_files/news/571.txt successfully!
2022-05-05 23:49:07,353 - INFO - [Server] Client download file ./server_files/news/1801.txt successfully!
2022-05-06 00:24:17,966 - INFO - [Server] Successfully init! feat shape: (2225, 1000)
2022-05-06 00:24:17,967 - INFO - [Server] Waiting for connecting to client...
2022-05-06 00:24:27,808 - INFO - [Server] Connected to address ('127.0.0.1', 59196), socket id: <socket.socket fd=2492, family=AddressFamily.AF_INET, type=SocketKind.SOCK_STREAM, proto=0, laddr=('127.0.0.1', 1234), raddr=('127.0.0.1', 59196)>
2022-05-06 00:24:27,810 - INFO - [Server] received terms: economy, sim_mode: 0
2022-05-06 00:24:27,811 - INFO - [Server] Func searching_text receive terms: ['economy']
2022-05-06 00:24:27,811 - INFO - [Server] Waiting for connecting to client...
2022-05-06 00:24:55,704 - INFO - [Server] Successfully init! feat shape: (2225, 1000)
2022-05-06 00:24:55,705 - INFO - [Server] Waiting for connecting to client...
2022-05-06 00:24:59,964 - INFO - [Server] Successfully init! feat shape: (2225, 1000)
2022-05-06 00:24:59,964 - INFO - [Server] Waiting for connecting to client...
2022-05-06 00:25:12,663 - INFO - [Server] Connected to address ('127.0.0.1', 59211), socket id: <socket.socket fd=2448, family=AddressFamily.AF_INET, type=SocketKind.SOCK_STREAM, proto=0, laddr=('127.0.0.1', 1234), raddr=('127.0.0.1', 59211)>
2022-05-06 00:25:12,664 - INFO - [Server] received terms: economy, sim_mode: 0
2022-05-06 00:25:12,665 - INFO - [Server] Func searching_text receive terms: ['economy']
2022-05-06 00:25:12,665 - INFO - [Server] Waiting for connecting to client...
2022-05-06 00:25:14,239 - INFO - [Server] documents: [371, 256, 28, 190, 459, 31, 108, 370, 283, 46, 436, 381, 172, 144, 94, 110, 175, 66, 101, 138, 165, 6, 415, 453, 439, 137, 289, 322, 16, 170, 44, 361, 295, 152, 416, 292, 405, 119, 402, 22, 490, 438, 290, 355, 253, 7, 30, 86, 98, 151, 182, 153, 351, 259, 156, 503, 270, 493, 286, 73, 214, 240, 177, 57, 408, 24, 174, 121, 45, 387, 61, 72, 139, 173, 134, 118, 168, 463, 63, 450, 440, 441, 38, 147, 329, 507, 163, 23, 19, 126, 247, 97, 248, 221, 340, 505, 1902, 85, 2151, 1871, 288, 225, 347, 198, 281, 399, 1861, 2157, 112, 239, 466, 258, 356, 306, 2145, 1885, 272, 140, 56, 426, 117, 420, 2170, 376, 467, 344, 464, 429, 76, 115, 194, 273, 275, 2016, 142, 89, 456, 262, 107, 480, 129, 183, 345, 323, 132, 297, 479, 350, 374, 354, 4, 495, 77, 499, 1, 50, 321, 260, 2167, 181, 469, 274, 84, 1933, 2221, 99, 285, 384, 398, 96, 41, 481, 831, 378, 294, 218, 143, 222, 1953, 1999, 409, 310, 180, 509, 1893, 257, 474, 433, 1864, 2156, 128]
2022-05-06 00:25:14,245 - INFO - [Server] Client download file ./server_files/news/371.txt successfully!
2022-05-06 00:25:14,247 - INFO - [Server] Client download file ./server_files/news/256.txt successfully!
2022-05-06 00:25:14,249 - INFO - [Server] Client download file ./server_files/news/28.txt successfully!
2022-05-06 00:25:14,250 - INFO - [Server] Client download file ./server_files/news/190.txt successfully!
2022-05-06 00:25:14,252 - INFO - [Server] Client download file ./server_files/news/459.txt successfully!
2022-05-06 00:25:14,255 - INFO - [Server] Client download file ./server_files/news/31.txt successfully!
2022-05-06 00:25:14,257 - INFO - [Server] Client download file ./server_files/news/108.txt successfully!
2022-05-06 00:25:14,258 - INFO - [Server] Client download file ./server_files/news/370.txt successfully!
2022-05-06 00:25:14,261 - INFO - [Server] Client download file ./server_files/news/283.txt successfully!
2022-05-06 00:25:14,262 - INFO - [Server] Client download file ./server_files/news/46.txt successfully!
2022-05-06 00:25:14,264 - INFO - [Server] Client download file ./server_files/news/436.txt successfully!
2022-05-06 00:25:14,266 - INFO - [Server] Client download file ./server_files/news/381.txt successfully!
2022-05-06 00:25:14,268 - INFO - [Server] Client download file ./server_files/news/172.txt successfully!
2022-05-06 00:25:14,271 - INFO - [Server] Client download file ./server_files/news/144.txt successfully!
2022-05-06 00:25:14,274 - INFO - [Server] Client download file ./server_files/news/94.txt successfully!
2022-05-06 00:25:14,276 - INFO - [Server] Client download file ./server_files/news/110.txt successfully!
2022-05-06 00:25:14,278 - INFO - [Server] Client download file ./server_files/news/175.txt successfully!
2022-05-06 00:25:14,279 - INFO - [Server] Client download file ./server_files/news/66.txt successfully!
2022-05-06 00:25:14,281 - INFO - [Server] Client download file ./server_files/news/101.txt successfully!
2022-05-06 00:25:14,283 - INFO - [Server] Client download file ./server_files/news/138.txt successfully!
2022-05-06 00:25:14,286 - INFO - [Server] Client download file ./server_files/news/165.txt successfully!
2022-05-06 00:25:14,288 - INFO - [Server] Client download file ./server_files/news/6.txt successfully!
2022-05-06 00:25:14,290 - INFO - [Server] Client download file ./server_files/news/415.txt successfully!
2022-05-06 00:25:14,292 - INFO - [Server] Client download file ./server_files/news/453.txt successfully!
2022-05-06 00:25:14,293 - INFO - [Server] Client download file ./server_files/news/439.txt successfully!
2022-05-06 00:25:14,294 - INFO - [Server] Client download file ./server_files/news/137.txt successfully!
2022-05-06 00:25:14,296 - INFO - [Server] Client download file ./server_files/news/289.txt successfully!
2022-05-06 00:25:14,299 - INFO - [Server] Client download file ./server_files/news/322.txt successfully!
2022-05-06 00:25:14,302 - INFO - [Server] Client download file ./server_files/news/16.txt successfully!
2022-05-06 00:25:14,304 - INFO - [Server] Client download file ./server_files/news/170.txt successfully!
2022-05-06 00:25:14,306 - INFO - [Server] Client download file ./server_files/news/44.txt successfully!
2022-05-06 00:25:14,307 - INFO - [Server] Client download file ./server_files/news/361.txt successfully!
2022-05-06 00:25:14,309 - INFO - [Server] Client download file ./server_files/news/295.txt successfully!
2022-05-06 00:25:14,311 - INFO - [Server] Client download file ./server_files/news/152.txt successfully!
2022-05-06 00:25:14,313 - INFO - [Server] Client download file ./server_files/news/416.txt successfully!
2022-05-06 00:25:14,314 - INFO - [Server] Client download file ./server_files/news/292.txt successfully!
2022-05-06 00:25:14,316 - INFO - [Server] Client download file ./server_files/news/405.txt successfully!
2022-05-06 00:25:14,318 - INFO - [Server] Client download file ./server_files/news/119.txt successfully!
2022-05-06 00:25:14,321 - INFO - [Server] Client download file ./server_files/news/402.txt successfully!
2022-05-06 00:25:14,323 - INFO - [Server] Client download file ./server_files/news/22.txt successfully!
2022-05-06 00:25:14,324 - INFO - [Server] Client download file ./server_files/news/490.txt successfully!
2022-05-06 00:25:14,325 - INFO - [Server] Client download file ./server_files/news/438.txt successfully!
2022-05-06 00:25:14,326 - INFO - [Server] Client download file ./server_files/news/290.txt successfully!
2022-05-06 00:25:14,328 - INFO - [Server] Client download file ./server_files/news/355.txt successfully!
2022-05-06 00:25:14,330 - INFO - [Server] Client download file ./server_files/news/253.txt successfully!
2022-05-06 00:25:14,332 - INFO - [Server] Client download file ./server_files/news/7.txt successfully!
2022-05-06 00:25:14,334 - INFO - [Server] Client download file ./server_files/news/30.txt successfully!
2022-05-06 00:25:14,338 - INFO - [Server] Client download file ./server_files/news/86.txt successfully!
2022-05-06 00:25:14,339 - INFO - [Server] Client download file ./server_files/news/98.txt successfully!
2022-05-06 00:25:14,341 - INFO - [Server] Client download file ./server_files/news/151.txt successfully!
2022-05-06 00:25:14,342 - INFO - [Server] Client download file ./server_files/news/182.txt successfully!
2022-05-06 00:25:14,344 - INFO - [Server] Client download file ./server_files/news/153.txt successfully!
2022-05-06 00:25:14,345 - INFO - [Server] Client download file ./server_files/news/351.txt successfully!
2022-05-06 00:25:14,347 - INFO - [Server] Client download file ./server_files/news/259.txt successfully!
2022-05-06 00:25:14,349 - INFO - [Server] Client download file ./server_files/news/156.txt successfully!
2022-05-06 00:25:14,350 - INFO - [Server] Client download file ./server_files/news/503.txt successfully!
2022-05-06 00:25:14,354 - INFO - [Server] Client download file ./server_files/news/270.txt successfully!
2022-05-06 00:25:14,356 - INFO - [Server] Client download file ./server_files/news/493.txt successfully!
2022-05-06 00:25:14,358 - INFO - [Server] Client download file ./server_files/news/286.txt successfully!
2022-05-06 00:25:14,359 - INFO - [Server] Client download file ./server_files/news/73.txt successfully!
2022-05-06 00:25:14,361 - INFO - [Server] Client download file ./server_files/news/214.txt successfully!
2022-05-06 00:25:14,362 - INFO - [Server] Client download file ./server_files/news/240.txt successfully!
2022-05-06 00:25:14,364 - INFO - [Server] Client download file ./server_files/news/177.txt successfully!
2022-05-06 00:25:14,369 - INFO - [Server] Client download file ./server_files/news/57.txt successfully!
2022-05-06 00:25:14,372 - INFO - [Server] Client download file ./server_files/news/408.txt successfully!
2022-05-06 00:25:14,375 - INFO - [Server] Client download file ./server_files/news/24.txt successfully!
2022-05-06 00:25:14,376 - INFO - [Server] Client download file ./server_files/news/174.txt successfully!
2022-05-06 00:25:14,378 - INFO - [Server] Client download file ./server_files/news/121.txt successfully!
2022-05-06 00:25:14,380 - INFO - [Server] Client download file ./server_files/news/45.txt successfully!
2022-05-06 00:25:14,381 - INFO - [Server] Client download file ./server_files/news/387.txt successfully!
2022-05-06 00:25:14,383 - INFO - [Server] Client download file ./server_files/news/61.txt successfully!
2022-05-06 00:25:14,386 - INFO - [Server] Client download file ./server_files/news/72.txt successfully!
2022-05-06 00:25:14,389 - INFO - [Server] Client download file ./server_files/news/139.txt successfully!
2022-05-06 00:25:14,390 - INFO - [Server] Client download file ./server_files/news/173.txt successfully!
2022-05-06 00:25:14,392 - INFO - [Server] Client download file ./server_files/news/134.txt successfully!
2022-05-06 00:25:14,394 - INFO - [Server] Client download file ./server_files/news/118.txt successfully!
2022-05-06 00:25:14,396 - INFO - [Server] Client download file ./server_files/news/168.txt successfully!
2022-05-06 00:25:14,398 - INFO - [Server] Client download file ./server_files/news/463.txt successfully!
2022-05-06 00:25:14,400 - INFO - [Server] Client download file ./server_files/news/63.txt successfully!
2022-05-06 00:25:14,402 - INFO - [Server] Client download file ./server_files/news/450.txt successfully!
2022-05-06 00:25:14,405 - INFO - [Server] Client download file ./server_files/news/440.txt successfully!
2022-05-06 00:25:14,407 - INFO - [Server] Client download file ./server_files/news/441.txt successfully!
2022-05-06 00:25:14,410 - INFO - [Server] Client download file ./server_files/news/38.txt successfully!
2022-05-06 00:25:14,412 - INFO - [Server] Client download file ./server_files/news/147.txt successfully!
2022-05-06 00:25:14,413 - INFO - [Server] Client download file ./server_files/news/329.txt successfully!
2022-05-06 00:25:14,415 - INFO - [Server] Client download file ./server_files/news/507.txt successfully!
2022-05-06 00:25:14,417 - INFO - [Server] Client download file ./server_files/news/163.txt successfully!
2022-05-06 00:25:14,418 - INFO - [Server] Client download file ./server_files/news/23.txt successfully!
2022-05-06 00:25:14,421 - INFO - [Server] Client download file ./server_files/news/19.txt successfully!
2022-05-06 00:25:14,424 - INFO - [Server] Client download file ./server_files/news/126.txt successfully!
2022-05-06 00:25:14,425 - INFO - [Server] Client download file ./server_files/news/247.txt successfully!
2022-05-06 00:25:14,427 - INFO - [Server] Client download file ./server_files/news/97.txt successfully!
2022-05-06 00:25:14,428 - INFO - [Server] Client download file ./server_files/news/248.txt successfully!
2022-05-06 00:25:14,430 - INFO - [Server] Client download file ./server_files/news/221.txt successfully!
2022-05-06 00:25:14,434 - INFO - [Server] Client download file ./server_files/news/340.txt successfully!
2022-05-06 00:25:14,437 - INFO - [Server] Client download file ./server_files/news/505.txt successfully!
2022-05-06 00:25:14,440 - INFO - [Server] Client download file ./server_files/news/1902.txt successfully!
2022-05-06 00:25:14,443 - INFO - [Server] Client download file ./server_files/news/85.txt successfully!
2022-05-06 00:25:14,444 - INFO - [Server] Client download file ./server_files/news/2151.txt successfully!
2022-05-06 00:25:14,445 - INFO - [Server] Client download file ./server_files/news/1871.txt successfully!
2022-05-06 00:25:14,447 - INFO - [Server] Client download file ./server_files/news/288.txt successfully!
2022-05-06 00:25:14,449 - INFO - [Server] Client download file ./server_files/news/225.txt successfully!
2022-05-06 00:25:14,450 - INFO - [Server] Client download file ./server_files/news/347.txt successfully!
2022-05-06 00:25:14,452 - INFO - [Server] Client download file ./server_files/news/198.txt successfully!
2022-05-06 00:25:14,455 - INFO - [Server] Client download file ./server_files/news/281.txt successfully!
2022-05-06 00:25:14,456 - INFO - [Server] Client download file ./server_files/news/399.txt successfully!
2022-05-06 00:25:14,458 - INFO - [Server] Client download file ./server_files/news/1861.txt successfully!
2022-05-06 00:25:14,459 - INFO - [Server] Client download file ./server_files/news/2157.txt successfully!
2022-05-06 00:25:14,460 - INFO - [Server] Client download file ./server_files/news/112.txt successfully!
2022-05-06 00:25:14,462 - INFO - [Server] Client download file ./server_files/news/239.txt successfully!
2022-05-06 00:25:14,464 - INFO - [Server] Client download file ./server_files/news/466.txt successfully!
2022-05-06 00:25:14,467 - INFO - [Server] Client download file ./server_files/news/258.txt successfully!
2022-05-06 00:25:14,469 - INFO - [Server] Client download file ./server_files/news/356.txt successfully!
2022-05-06 00:25:14,471 - INFO - [Server] Client download file ./server_files/news/306.txt successfully!
2022-05-06 00:25:14,472 - INFO - [Server] Client download file ./server_files/news/2145.txt successfully!
2022-05-06 00:25:14,474 - INFO - [Server] Client download file ./server_files/news/1885.txt successfully!
2022-05-06 00:25:14,475 - INFO - [Server] Client download file ./server_files/news/272.txt successfully!
2022-05-06 00:25:14,477 - INFO - [Server] Client download file ./server_files/news/140.txt successfully!
2022-05-06 00:25:14,478 - INFO - [Server] Client download file ./server_files/news/56.txt successfully!
2022-05-06 00:25:14,480 - INFO - [Server] Client download file ./server_files/news/426.txt successfully!
2022-05-06 00:25:14,481 - INFO - [Server] Client download file ./server_files/news/117.txt successfully!
2022-05-06 00:25:14,484 - INFO - [Server] Client download file ./server_files/news/420.txt successfully!
2022-05-06 00:25:14,487 - INFO - [Server] Client download file ./server_files/news/2170.txt successfully!
2022-05-06 00:25:14,489 - INFO - [Server] Client download file ./server_files/news/376.txt successfully!
2022-05-06 00:25:14,490 - INFO - [Server] Client download file ./server_files/news/467.txt successfully!
2022-05-06 00:25:14,491 - INFO - [Server] Client download file ./server_files/news/344.txt successfully!
2022-05-06 00:25:14,493 - INFO - [Server] Client download file ./server_files/news/464.txt successfully!
2022-05-06 00:25:14,495 - INFO - [Server] Client download file ./server_files/news/429.txt successfully!
2022-05-06 00:25:14,496 - INFO - [Server] Client download file ./server_files/news/76.txt successfully!
2022-05-06 00:25:14,498 - INFO - [Server] Client download file ./server_files/news/115.txt successfully!
2022-05-06 00:25:14,499 - INFO - [Server] Client download file ./server_files/news/194.txt successfully!
2022-05-06 00:25:14,501 - INFO - [Server] Client download file ./server_files/news/273.txt successfully!
2022-05-06 00:25:14,503 - INFO - [Server] Client download file ./server_files/news/275.txt successfully!
2022-05-06 00:25:14,506 - INFO - [Server] Client download file ./server_files/news/2016.txt successfully!
2022-05-06 00:25:14,507 - INFO - [Server] Client download file ./server_files/news/142.txt successfully!
2022-05-06 00:25:14,509 - INFO - [Server] Client download file ./server_files/news/89.txt successfully!
2022-05-06 00:25:14,510 - INFO - [Server] Client download file ./server_files/news/456.txt successfully!
2022-05-06 00:25:14,512 - INFO - [Server] Client download file ./server_files/news/262.txt successfully!
2022-05-06 00:25:14,513 - INFO - [Server] Client download file ./server_files/news/107.txt successfully!
2022-05-06 00:25:14,515 - INFO - [Server] Client download file ./server_files/news/480.txt successfully!
2022-05-06 00:25:14,516 - INFO - [Server] Client download file ./server_files/news/129.txt successfully!
2022-05-06 00:25:14,517 - INFO - [Server] Client download file ./server_files/news/183.txt successfully!
2022-05-06 00:25:14,519 - INFO - [Server] Client download file ./server_files/news/345.txt successfully!
2022-05-06 00:25:14,522 - INFO - [Server] Client download file ./server_files/news/323.txt successfully!
2022-05-06 00:25:14,526 - INFO - [Server] Client download file ./server_files/news/132.txt successfully!
2022-05-06 00:25:14,527 - INFO - [Server] Client download file ./server_files/news/297.txt successfully!
2022-05-06 00:25:14,530 - INFO - [Server] Client download file ./server_files/news/479.txt successfully!
2022-05-06 00:25:14,532 - INFO - [Server] Client download file ./server_files/news/350.txt successfully!
2022-05-06 00:25:14,534 - INFO - [Server] Client download file ./server_files/news/374.txt successfully!
2022-05-06 00:25:14,540 - INFO - [Server] Client download file ./server_files/news/354.txt successfully!
2022-05-06 00:25:14,541 - INFO - [Server] Client download file ./server_files/news/4.txt successfully!
2022-05-06 00:25:14,543 - INFO - [Server] Client download file ./server_files/news/495.txt successfully!
2022-05-06 00:25:14,546 - INFO - [Server] Client download file ./server_files/news/77.txt successfully!
2022-05-06 00:25:14,548 - INFO - [Server] Client download file ./server_files/news/499.txt successfully!
2022-05-06 00:25:14,550 - INFO - [Server] Client download file ./server_files/news/1.txt successfully!
2022-05-06 00:25:14,552 - INFO - [Server] Client download file ./server_files/news/50.txt successfully!
2022-05-06 00:25:14,555 - INFO - [Server] Client download file ./server_files/news/321.txt successfully!
2022-05-06 00:25:14,558 - INFO - [Server] Client download file ./server_files/news/260.txt successfully!
2022-05-06 00:25:14,560 - INFO - [Server] Client download file ./server_files/news/2167.txt successfully!
2022-05-06 00:25:14,561 - INFO - [Server] Client download file ./server_files/news/181.txt successfully!
2022-05-06 00:25:14,563 - INFO - [Server] Client download file ./server_files/news/469.txt successfully!
2022-05-06 00:25:14,564 - INFO - [Server] Client download file ./server_files/news/274.txt successfully!
2022-05-06 00:25:14,566 - INFO - [Server] Client download file ./server_files/news/84.txt successfully!
2022-05-06 00:25:14,567 - INFO - [Server] Client download file ./server_files/news/1933.txt successfully!
2022-05-06 00:25:14,569 - INFO - [Server] Client download file ./server_files/news/2221.txt successfully!
2022-05-06 00:25:14,572 - INFO - [Server] Client download file ./server_files/news/99.txt successfully!
2022-05-06 00:25:14,574 - INFO - [Server] Client download file ./server_files/news/285.txt successfully!
2022-05-06 00:25:14,575 - INFO - [Server] Client download file ./server_files/news/384.txt successfully!
2022-05-06 00:25:14,577 - INFO - [Server] Client download file ./server_files/news/398.txt successfully!
2022-05-06 00:25:14,580 - INFO - [Server] Client download file ./server_files/news/96.txt successfully!
2022-05-06 00:25:14,583 - INFO - [Server] Client download file ./server_files/news/41.txt successfully!
2022-05-06 00:25:14,586 - INFO - [Server] Client download file ./server_files/news/481.txt successfully!
2022-05-06 00:25:14,588 - INFO - [Server] Client download file ./server_files/news/831.txt successfully!
2022-05-06 00:25:14,590 - INFO - [Server] Client download file ./server_files/news/378.txt successfully!
2022-05-06 00:25:14,591 - INFO - [Server] Client download file ./server_files/news/294.txt successfully!
2022-05-06 00:25:14,593 - INFO - [Server] Client download file ./server_files/news/218.txt successfully!
2022-05-06 00:25:14,594 - INFO - [Server] Client download file ./server_files/news/143.txt successfully!
2022-05-06 00:25:14,596 - INFO - [Server] Client download file ./server_files/news/222.txt successfully!
2022-05-06 00:25:14,599 - INFO - [Server] Client download file ./server_files/news/1953.txt successfully!
2022-05-06 00:25:14,600 - INFO - [Server] Client download file ./server_files/news/1999.txt successfully!
2022-05-06 00:25:14,602 - INFO - [Server] Client download file ./server_files/news/409.txt successfully!
2022-05-06 00:25:14,604 - INFO - [Server] Client download file ./server_files/news/310.txt successfully!
2022-05-06 00:25:14,607 - INFO - [Server] Client download file ./server_files/news/180.txt successfully!
2022-05-06 00:25:14,609 - INFO - [Server] Client download file ./server_files/news/509.txt successfully!
2022-05-06 00:25:14,611 - INFO - [Server] Client download file ./server_files/news/1893.txt successfully!
2022-05-06 00:25:14,612 - INFO - [Server] Client download file ./server_files/news/257.txt successfully!
2022-05-06 00:25:14,614 - INFO - [Server] Client download file ./server_files/news/474.txt successfully!
2022-05-06 00:25:14,616 - INFO - [Server] Client download file ./server_files/news/433.txt successfully!
2022-05-06 00:25:14,617 - INFO - [Server] Client download file ./server_files/news/1864.txt successfully!
2022-05-06 00:25:14,619 - INFO - [Server] Client download file ./server_files/news/2156.txt successfully!
2022-05-06 00:25:14,621 - INFO - [Server] Client download file ./server_files/news/128.txt successfully!
